<?xml version="1.0" encoding="UTF-8"?>
<testng-results ignored="0" total="2" passed="2" failed="0" skipped="0">
  <reporter-output>
  </reporter-output>
  <suite started-at="2023-11-08T09:26:54 GMT" name="topcartSuite" finished-at="2023-11-08T09:27:08 GMT" duration-ms="13935">
    <groups>
      <group name="Master">
        <method signature="TC_001_Account_Registration.test_account_Registration()[pri:0, instance:testCases.TC_001_Account_Registration@5e0826e7]" name="test_account_Registration" class="testCases.TC_001_Account_Registration"/>
        <method signature="TC_002_LoginTest.test_login()[pri:0, instance:testCases.TC_002_LoginTest@47af7f3d]" name="test_login" class="testCases.TC_002_LoginTest"/>
      </group> <!-- Master -->
      <group name="Sanity">
        <method signature="TC_002_LoginTest.test_login()[pri:0, instance:testCases.TC_002_LoginTest@47af7f3d]" name="test_login" class="testCases.TC_002_LoginTest"/>
      </group> <!-- Sanity -->
      <group name="Regression">
        <method signature="TC_001_Account_Registration.test_account_Registration()[pri:0, instance:testCases.TC_001_Account_Registration@5e0826e7]" name="test_account_Registration" class="testCases.TC_001_Account_Registration"/>
      </group> <!-- Regression -->
    </groups>
    <test started-at="2023-11-08T09:26:54 GMT" name="chromeTest" finished-at="2023-11-08T09:27:08 GMT" duration-ms="13935">
      <class name="testCases.TC_002_LoginTest">
        <test-method is-config="true" signature="setup(java.lang.String)[pri:0, instance:testCases.TC_002_LoginTest@47af7f3d]" started-at="2023-11-08T09:27:05 GMT" name="setup" finished-at="2023-11-08T09:27:07 GMT" duration-ms="1984" status="PASS">
          <params>
            <param index="0">
              <value>
                <![CDATA[chrome]]>
              </value>
            </param>
          </params>
          <reporter-output>
          </reporter-output>
        </test-method> <!-- setup -->
        <test-method signature="test_login()[pri:0, instance:testCases.TC_002_LoginTest@47af7f3d]" started-at="2023-11-08T09:27:07 GMT" name="test_login" finished-at="2023-11-08T09:27:08 GMT" duration-ms="1105" status="PASS">
          <reporter-output>
          </reporter-output>
        </test-method> <!-- test_login -->
        <test-method is-config="true" signature="tearDown()[pri:0, instance:testCases.TC_002_LoginTest@47af7f3d]" started-at="2023-11-08T09:27:08 GMT" name="tearDown" finished-at="2023-11-08T09:27:08 GMT" duration-ms="98" status="PASS">
          <reporter-output>
          </reporter-output>
        </test-method> <!-- tearDown -->
      </class> <!-- testCases.TC_002_LoginTest -->
      <class name="testCases.TC_001_Account_Registration">
        <test-method is-config="true" signature="setup(java.lang.String)[pri:0, instance:testCases.TC_001_Account_Registration@5e0826e7]" started-at="2023-11-08T09:26:54 GMT" name="setup" finished-at="2023-11-08T09:27:00 GMT" duration-ms="6039" status="PASS">
          <params>
            <param index="0">
              <value>
                <![CDATA[chrome]]>
              </value>
            </param>
          </params>
          <reporter-output>
          </reporter-output>
        </test-method> <!-- setup -->
        <test-method signature="test_account_Registration()[pri:0, instance:testCases.TC_001_Account_Registration@5e0826e7]" started-at="2023-11-08T09:27:00 GMT" name="test_account_Registration" finished-at="2023-11-08T09:27:05 GMT" duration-ms="4392" status="PASS">
          <reporter-output>
          </reporter-output>
        </test-method> <!-- test_account_Registration -->
        <test-method is-config="true" signature="tearDown()[pri:0, instance:testCases.TC_001_Account_Registration@5e0826e7]" started-at="2023-11-08T09:27:05 GMT" name="tearDown" finished-at="2023-11-08T09:27:05 GMT" duration-ms="125" status="PASS">
          <reporter-output>
          </reporter-output>
        </test-method> <!-- tearDown -->
      </class> <!-- testCases.TC_001_Account_Registration -->
    </test> <!-- chromeTest -->
  </suite> <!-- topcartSuite -->
</testng-results>
