<?xml version="1.0" encoding="UTF-8"?>
<testng-results ignored="0" total="1" passed="1" failed="0" skipped="0">
  <reporter-output>
  </reporter-output>
  <suite started-at="2023-11-07T22:39:30 GMT" name="Failed suite [topcartSuite]" finished-at="2023-11-07T22:39:37 GMT" duration-ms="7519">
    <groups>
      <group name="Master">
        <method signature="TC_001_Account_Registration.test_account_Registration()[pri:0, instance:testCases.TC_001_Account_Registration@765d7657]" name="test_account_Registration" class="testCases.TC_001_Account_Registration"/>
      </group> <!-- Master -->
      <group name="Regression">
        <method signature="TC_001_Account_Registration.test_account_Registration()[pri:0, instance:testCases.TC_001_Account_Registration@765d7657]" name="test_account_Registration" class="testCases.TC_001_Account_Registration"/>
      </group> <!-- Regression -->
    </groups>
    <test started-at="2023-11-07T22:39:30 GMT" name="chromeTest(failed)" finished-at="2023-11-07T22:39:37 GMT" duration-ms="7519">
      <class name="testCases.TC_001_Account_Registration">
        <test-method is-config="true" signature="setup(java.lang.String)[pri:0, instance:testCases.TC_001_Account_Registration@765d7657]" started-at="2023-11-07T22:39:30 GMT" name="setup" finished-at="2023-11-07T22:39:33 GMT" duration-ms="2793" status="PASS">
          <params>
            <param index="0">
              <value>
                <![CDATA[chrome]]>
              </value>
            </param>
          </params>
          <reporter-output>
          </reporter-output>
        </test-method> <!-- setup -->
        <test-method signature="test_account_Registration()[pri:0, instance:testCases.TC_001_Account_Registration@765d7657]" started-at="2023-11-07T22:39:33 GMT" name="test_account_Registration" finished-at="2023-11-07T22:39:37 GMT" duration-ms="4376" status="PASS">
          <reporter-output>
          </reporter-output>
        </test-method> <!-- test_account_Registration -->
        <test-method is-config="true" signature="tearDown()[pri:0, instance:testCases.TC_001_Account_Registration@765d7657]" started-at="2023-11-07T22:39:37 GMT" name="tearDown" finished-at="2023-11-07T22:39:37 GMT" duration-ms="141" status="PASS">
          <reporter-output>
          </reporter-output>
        </test-method> <!-- tearDown -->
      </class> <!-- testCases.TC_001_Account_Registration -->
    </test> <!-- chromeTest(failed) -->
  </suite> <!-- Failed suite [topcartSuite] -->
</testng-results>
